[01-Nov-2015 15:52:26 UTC] PHP Warning:  require(core/db.php): failed to open stream: No such file or directory in /home/ubuntu/workspace/template/newmsg.phtml on line 2
[01-Nov-2015 15:52:26 UTC] PHP Stack trace:
[01-Nov-2015 15:52:26 UTC] PHP   1. {main}() /home/ubuntu/workspace/template/newmsg.phtml:0
[01-Nov-2015 15:52:26 UTC] PHP Fatal error:  require(): Failed opening required 'core/db.php' (include_path='.:/usr/share/php:/usr/share/pear') in /home/ubuntu/workspace/template/newmsg.phtml on line 2
[01-Nov-2015 15:52:26 UTC] PHP Stack trace:
[01-Nov-2015 15:52:26 UTC] PHP   1. {main}() /home/ubuntu/workspace/template/newmsg.phtml:0
[01-Nov-2015 15:52:31 UTC] PHP Warning:  require(core/db.php): failed to open stream: No such file or directory in /home/ubuntu/workspace/template/newmsg.phtml on line 2
[01-Nov-2015 15:52:31 UTC] PHP Stack trace:
[01-Nov-2015 15:52:31 UTC] PHP   1. {main}() /home/ubuntu/workspace/template/newmsg.phtml:0
[01-Nov-2015 15:52:31 UTC] PHP Fatal error:  require(): Failed opening required 'core/db.php' (include_path='.:/usr/share/php:/usr/share/pear') in /home/ubuntu/workspace/template/newmsg.phtml on line 2
[01-Nov-2015 15:52:31 UTC] PHP Stack trace:
[01-Nov-2015 15:52:31 UTC] PHP   1. {main}() /home/ubuntu/workspace/template/newmsg.phtml:0
[01-Nov-2015 15:52:36 UTC] PHP Warning:  require(core/db.php): failed to open stream: No such file or directory in /home/ubuntu/workspace/template/newmsg.phtml on line 2
[01-Nov-2015 15:52:36 UTC] PHP Stack trace:
[01-Nov-2015 15:52:36 UTC] PHP   1. {main}() /home/ubuntu/workspace/template/newmsg.phtml:0
[01-Nov-2015 15:52:36 UTC] PHP Fatal error:  require(): Failed opening required 'core/db.php' (include_path='.:/usr/share/php:/usr/share/pear') in /home/ubuntu/workspace/template/newmsg.phtml on line 2
[01-Nov-2015 15:52:36 UTC] PHP Stack trace:
[01-Nov-2015 15:52:36 UTC] PHP   1. {main}() /home/ubuntu/workspace/template/newmsg.phtml:0
[01-Nov-2015 15:52:41 UTC] PHP Warning:  require(/core/db.php): failed to open stream: No such file or directory in /home/ubuntu/workspace/template/newmsg.phtml on line 2
[01-Nov-2015 15:52:41 UTC] PHP Stack trace:
[01-Nov-2015 15:52:41 UTC] PHP   1. {main}() /home/ubuntu/workspace/template/newmsg.phtml:0
[01-Nov-2015 15:52:41 UTC] PHP Fatal error:  require(): Failed opening required '/core/db.php' (include_path='.:/usr/share/php:/usr/share/pear') in /home/ubuntu/workspace/template/newmsg.phtml on line 2
[01-Nov-2015 15:52:41 UTC] PHP Stack trace:
[01-Nov-2015 15:52:41 UTC] PHP   1. {main}() /home/ubuntu/workspace/template/newmsg.phtml:0
[01-Nov-2015 15:52:46 UTC] PHP Warning:  require(/core/db.php): failed to open stream: No such file or directory in /home/ubuntu/workspace/template/newmsg.phtml on line 2
[01-Nov-2015 15:52:46 UTC] PHP Stack trace:
[01-Nov-2015 15:52:46 UTC] PHP   1. {main}() /home/ubuntu/workspace/template/newmsg.phtml:0
[01-Nov-2015 15:52:46 UTC] PHP Fatal error:  require(): Failed opening required '/core/db.php' (include_path='.:/usr/share/php:/usr/share/pear') in /home/ubuntu/workspace/template/newmsg.phtml on line 2
[01-Nov-2015 15:52:46 UTC] PHP Stack trace:
[01-Nov-2015 15:52:46 UTC] PHP   1. {main}() /home/ubuntu/workspace/template/newmsg.phtml:0
[01-Nov-2015 15:52:51 UTC] PHP Warning:  require(/core/db.php): failed to open stream: No such file or directory in /home/ubuntu/workspace/template/newmsg.phtml on line 2
[01-Nov-2015 15:52:51 UTC] PHP Stack trace:
[01-Nov-2015 15:52:51 UTC] PHP   1. {main}() /home/ubuntu/workspace/template/newmsg.phtml:0
[01-Nov-2015 15:52:51 UTC] PHP Fatal error:  require(): Failed opening required '/core/db.php' (include_path='.:/usr/share/php:/usr/share/pear') in /home/ubuntu/workspace/template/newmsg.phtml on line 2
[01-Nov-2015 15:52:51 UTC] PHP Stack trace:
[01-Nov-2015 15:52:51 UTC] PHP   1. {main}() /home/ubuntu/workspace/template/newmsg.phtml:0
[01-Nov-2015 15:52:57 UTC] PHP Warning:  require(/core/db.php): failed to open stream: No such file or directory in /home/ubuntu/workspace/template/newmsg.phtml on line 2
[01-Nov-2015 15:52:57 UTC] PHP Stack trace:
[01-Nov-2015 15:52:57 UTC] PHP   1. {main}() /home/ubuntu/workspace/template/newmsg.phtml:0
[01-Nov-2015 15:52:57 UTC] PHP Fatal error:  require(): Failed opening required '/core/db.php' (include_path='.:/usr/share/php:/usr/share/pear') in /home/ubuntu/workspace/template/newmsg.phtml on line 2
[01-Nov-2015 15:52:57 UTC] PHP Stack trace:
[01-Nov-2015 15:52:57 UTC] PHP   1. {main}() /home/ubuntu/workspace/template/newmsg.phtml:0
[01-Nov-2015 15:53:02 UTC] PHP Warning:  require(/core/db.php): failed to open stream: No such file or directory in /home/ubuntu/workspace/template/newmsg.phtml on line 2
[01-Nov-2015 15:53:02 UTC] PHP Stack trace:
[01-Nov-2015 15:53:02 UTC] PHP   1. {main}() /home/ubuntu/workspace/template/newmsg.phtml:0
[01-Nov-2015 15:53:02 UTC] PHP Fatal error:  require(): Failed opening required '/core/db.php' (include_path='.:/usr/share/php:/usr/share/pear') in /home/ubuntu/workspace/template/newmsg.phtml on line 2
[01-Nov-2015 15:53:02 UTC] PHP Stack trace:
[01-Nov-2015 15:53:02 UTC] PHP   1. {main}() /home/ubuntu/workspace/template/newmsg.phtml:0
[01-Nov-2015 15:53:07 UTC] PHP Warning:  require(/core/db.php): failed to open stream: No such file or directory in /home/ubuntu/workspace/template/newmsg.phtml on line 2
[01-Nov-2015 15:53:07 UTC] PHP Stack trace:
[01-Nov-2015 15:53:07 UTC] PHP   1. {main}() /home/ubuntu/workspace/template/newmsg.phtml:0
[01-Nov-2015 15:53:07 UTC] PHP Fatal error:  require(): Failed opening required '/core/db.php' (include_path='.:/usr/share/php:/usr/share/pear') in /home/ubuntu/workspace/template/newmsg.phtml on line 2
[01-Nov-2015 15:53:07 UTC] PHP Stack trace:
[01-Nov-2015 15:53:07 UTC] PHP   1. {main}() /home/ubuntu/workspace/template/newmsg.phtml:0
[01-Nov-2015 15:53:12 UTC] PHP Warning:  require(/core/db.php): failed to open stream: No such file or directory in /home/ubuntu/workspace/template/newmsg.phtml on line 2
[01-Nov-2015 15:53:12 UTC] PHP Stack trace:
[01-Nov-2015 15:53:12 UTC] PHP   1. {main}() /home/ubuntu/workspace/template/newmsg.phtml:0
[01-Nov-2015 15:53:12 UTC] PHP Fatal error:  require(): Failed opening required '/core/db.php' (include_path='.:/usr/share/php:/usr/share/pear') in /home/ubuntu/workspace/template/newmsg.phtml on line 2
[01-Nov-2015 15:53:12 UTC] PHP Stack trace:
[01-Nov-2015 15:53:12 UTC] PHP   1. {main}() /home/ubuntu/workspace/template/newmsg.phtml:0
[01-Nov-2015 15:53:17 UTC] PHP Warning:  require(/core/db.php): failed to open stream: No such file or directory in /home/ubuntu/workspace/template/newmsg.phtml on line 2
[01-Nov-2015 15:53:17 UTC] PHP Stack trace:
[01-Nov-2015 15:53:17 UTC] PHP   1. {main}() /home/ubuntu/workspace/template/newmsg.phtml:0
[01-Nov-2015 15:53:17 UTC] PHP Fatal error:  require(): Failed opening required '/core/db.php' (include_path='.:/usr/share/php:/usr/share/pear') in /home/ubuntu/workspace/template/newmsg.phtml on line 2
[01-Nov-2015 15:53:17 UTC] PHP Stack trace:
[01-Nov-2015 15:53:17 UTC] PHP   1. {main}() /home/ubuntu/workspace/template/newmsg.phtml:0
[01-Nov-2015 15:53:22 UTC] PHP Warning:  require(/core/db.php): failed to open stream: No such file or directory in /home/ubuntu/workspace/template/newmsg.phtml on line 2
[01-Nov-2015 15:53:22 UTC] PHP Stack trace:
[01-Nov-2015 15:53:22 UTC] PHP   1. {main}() /home/ubuntu/workspace/template/newmsg.phtml:0
[01-Nov-2015 15:53:22 UTC] PHP Fatal error:  require(): Failed opening required '/core/db.php' (include_path='.:/usr/share/php:/usr/share/pear') in /home/ubuntu/workspace/template/newmsg.phtml on line 2
[01-Nov-2015 15:53:22 UTC] PHP Stack trace:
[01-Nov-2015 15:53:22 UTC] PHP   1. {main}() /home/ubuntu/workspace/template/newmsg.phtml:0
[01-Nov-2015 15:53:52 UTC] PHP Warning:  mysqli_connect(): (HY000/1045): Access denied for user 'DB_LOGIN'@'localhost' (using password: YES) in /home/ubuntu/workspace/core/db.php on line 4
[01-Nov-2015 15:53:52 UTC] PHP Stack trace:
[01-Nov-2015 15:53:52 UTC] PHP   1. {main}() /home/ubuntu/workspace/template/newmsg.phtml:0
[01-Nov-2015 15:53:52 UTC] PHP   2. require() /home/ubuntu/workspace/template/newmsg.phtml:2
[01-Nov-2015 15:53:52 UTC] PHP   3. mysqli_connect() /home/ubuntu/workspace/core/db.php:4
[01-Nov-2015 15:53:57 UTC] PHP Warning:  mysqli_connect(): (HY000/1045): Access denied for user 'DB_LOGIN'@'localhost' (using password: YES) in /home/ubuntu/workspace/core/db.php on line 4
[01-Nov-2015 15:53:57 UTC] PHP Stack trace:
[01-Nov-2015 15:53:57 UTC] PHP   1. {main}() /home/ubuntu/workspace/template/newmsg.phtml:0
[01-Nov-2015 15:53:57 UTC] PHP   2. require() /home/ubuntu/workspace/template/newmsg.phtml:2
[01-Nov-2015 15:53:57 UTC] PHP   3. mysqli_connect() /home/ubuntu/workspace/core/db.php:4
[01-Nov-2015 15:54:02 UTC] PHP Warning:  mysqli_connect(): (HY000/1045): Access denied for user 'DB_LOGIN'@'localhost' (using password: YES) in /home/ubuntu/workspace/core/db.php on line 4
[01-Nov-2015 15:54:02 UTC] PHP Stack trace:
[01-Nov-2015 15:54:02 UTC] PHP   1. {main}() /home/ubuntu/workspace/template/newmsg.phtml:0
[01-Nov-2015 15:54:02 UTC] PHP   2. require() /home/ubuntu/workspace/template/newmsg.phtml:2
[01-Nov-2015 15:54:02 UTC] PHP   3. mysqli_connect() /home/ubuntu/workspace/core/db.php:4
[01-Nov-2015 15:54:07 UTC] PHP Warning:  mysqli_connect(): (HY000/1045): Access denied for user 'DB_LOGIN'@'localhost' (using password: YES) in /home/ubuntu/workspace/core/db.php on line 4
[01-Nov-2015 15:54:07 UTC] PHP Stack trace:
[01-Nov-2015 15:54:07 UTC] PHP   1. {main}() /home/ubuntu/workspace/template/newmsg.phtml:0
[01-Nov-2015 15:54:07 UTC] PHP   2. require() /home/ubuntu/workspace/template/newmsg.phtml:2
[01-Nov-2015 15:54:07 UTC] PHP   3. mysqli_connect() /home/ubuntu/workspace/core/db.php:4
[01-Nov-2015 15:54:12 UTC] PHP Warning:  mysqli_connect(): (HY000/1045): Access denied for user 'DB_LOGIN'@'localhost' (using password: YES) in /home/ubuntu/workspace/core/db.php on line 4
[01-Nov-2015 15:54:12 UTC] PHP Stack trace:
[01-Nov-2015 15:54:12 UTC] PHP   1. {main}() /home/ubuntu/workspace/template/newmsg.phtml:0
[01-Nov-2015 15:54:12 UTC] PHP   2. require() /home/ubuntu/workspace/template/newmsg.phtml:2
[01-Nov-2015 15:54:12 UTC] PHP   3. mysqli_connect() /home/ubuntu/workspace/core/db.php:4
[01-Nov-2015 15:54:17 UTC] PHP Warning:  mysqli_connect(): (HY000/1045): Access denied for user 'DB_LOGIN'@'localhost' (using password: YES) in /home/ubuntu/workspace/core/db.php on line 4
[01-Nov-2015 15:54:17 UTC] PHP Stack trace:
[01-Nov-2015 15:54:17 UTC] PHP   1. {main}() /home/ubuntu/workspace/template/newmsg.phtml:0
[01-Nov-2015 15:54:17 UTC] PHP   2. require() /home/ubuntu/workspace/template/newmsg.phtml:2
[01-Nov-2015 15:54:17 UTC] PHP   3. mysqli_connect() /home/ubuntu/workspace/core/db.php:4
[01-Nov-2015 15:54:22 UTC] PHP Warning:  mysqli_connect(): (HY000/1045): Access denied for user 'DB_LOGIN'@'localhost' (using password: YES) in /home/ubuntu/workspace/core/db.php on line 4
[01-Nov-2015 15:54:22 UTC] PHP Stack trace:
[01-Nov-2015 15:54:22 UTC] PHP   1. {main}() /home/ubuntu/workspace/template/newmsg.phtml:0
[01-Nov-2015 15:54:22 UTC] PHP   2. require() /home/ubuntu/workspace/template/newmsg.phtml:2
[01-Nov-2015 15:54:22 UTC] PHP   3. mysqli_connect() /home/ubuntu/workspace/core/db.php:4
[01-Nov-2015 15:54:27 UTC] PHP Warning:  mysqli_connect(): (HY000/1045): Access denied for user 'DB_LOGIN'@'localhost' (using password: YES) in /home/ubuntu/workspace/core/db.php on line 4
[01-Nov-2015 15:54:27 UTC] PHP Stack trace:
[01-Nov-2015 15:54:27 UTC] PHP   1. {main}() /home/ubuntu/workspace/template/newmsg.phtml:0
[01-Nov-2015 15:54:27 UTC] PHP   2. require() /home/ubuntu/workspace/template/newmsg.phtml:2
[01-Nov-2015 15:54:27 UTC] PHP   3. mysqli_connect() /home/ubuntu/workspace/core/db.php:4
[01-Nov-2015 15:57:34 UTC] PHP Parse error:  syntax error, unexpected end of file in /home/ubuntu/workspace/template/newmsg.phtml on line 11
[01-Nov-2015 15:57:39 UTC] PHP Parse error:  syntax error, unexpected end of file in /home/ubuntu/workspace/template/newmsg.phtml on line 11
[01-Nov-2015 15:57:44 UTC] PHP Parse error:  syntax error, unexpected end of file in /home/ubuntu/workspace/template/newmsg.phtml on line 11
[01-Nov-2015 15:57:49 UTC] PHP Parse error:  syntax error, unexpected end of file in /home/ubuntu/workspace/template/newmsg.phtml on line 11
[01-Nov-2015 15:57:56 UTC] PHP Parse error:  syntax error, unexpected end of file in /home/ubuntu/workspace/template/newmsg.phtml on line 11
[01-Nov-2015 15:58:01 UTC] PHP Parse error:  syntax error, unexpected end of file in /home/ubuntu/workspace/template/newmsg.phtml on line 11
[01-Nov-2015 15:58:06 UTC] PHP Parse error:  syntax error, unexpected end of file in /home/ubuntu/workspace/template/newmsg.phtml on line 11
[01-Nov-2015 15:58:11 UTC] PHP Parse error:  syntax error, unexpected end of file in /home/ubuntu/workspace/template/newmsg.phtml on line 11
[01-Nov-2015 15:58:16 UTC] PHP Parse error:  syntax error, unexpected end of file in /home/ubuntu/workspace/template/newmsg.phtml on line 11
[01-Nov-2015 15:58:21 UTC] PHP Parse error:  syntax error, unexpected end of file in /home/ubuntu/workspace/template/newmsg.phtml on line 11
[01-Nov-2015 15:58:26 UTC] PHP Parse error:  syntax error, unexpected end of file in /home/ubuntu/workspace/template/newmsg.phtml on line 11
[01-Nov-2015 15:58:31 UTC] PHP Parse error:  syntax error, unexpected end of file in /home/ubuntu/workspace/template/newmsg.phtml on line 11
[01-Nov-2015 15:58:36 UTC] PHP Parse error:  syntax error, unexpected end of file in /home/ubuntu/workspace/template/newmsg.phtml on line 11
[01-Nov-2015 15:58:41 UTC] PHP Parse error:  syntax error, unexpected end of file in /home/ubuntu/workspace/template/newmsg.phtml on line 11
[01-Nov-2015 16:02:36 UTC] PHP Fatal error:  Call to a member function fetch_assoc() on a non-object in /home/ubuntu/workspace/core/func.php on line 84
[01-Nov-2015 16:02:36 UTC] PHP Stack trace:
[01-Nov-2015 16:02:36 UTC] PHP   1. {main}() /home/ubuntu/workspace/template/newmsg.phtml:0
[01-Nov-2015 16:02:36 UTC] PHP   2. readMsg() /home/ubuntu/workspace/template/newmsg.phtml:12
[01-Nov-2015 16:02:45 UTC] PHP Fatal error:  Call to a member function fetch_assoc() on a non-object in /home/ubuntu/workspace/core/func.php on line 84
[01-Nov-2015 16:02:45 UTC] PHP Stack trace:
[01-Nov-2015 16:02:45 UTC] PHP   1. {main}() /home/ubuntu/workspace/template/newmsg.phtml:0
[01-Nov-2015 16:02:45 UTC] PHP   2. readMsg() /home/ubuntu/workspace/template/newmsg.phtml:12
[01-Nov-2015 16:02:50 UTC] PHP Fatal error:  Call to a member function fetch_assoc() on a non-object in /home/ubuntu/workspace/core/func.php on line 84
[01-Nov-2015 16:02:50 UTC] PHP Stack trace:
[01-Nov-2015 16:02:50 UTC] PHP   1. {main}() /home/ubuntu/workspace/template/newmsg.phtml:0
[01-Nov-2015 16:02:50 UTC] PHP   2. readMsg() /home/ubuntu/workspace/template/newmsg.phtml:12
[01-Nov-2015 16:02:55 UTC] PHP Fatal error:  Call to a member function fetch_assoc() on a non-object in /home/ubuntu/workspace/core/func.php on line 84
[01-Nov-2015 16:02:55 UTC] PHP Stack trace:
[01-Nov-2015 16:02:55 UTC] PHP   1. {main}() /home/ubuntu/workspace/template/newmsg.phtml:0
[01-Nov-2015 16:02:55 UTC] PHP   2. readMsg() /home/ubuntu/workspace/template/newmsg.phtml:12
[01-Nov-2015 16:03:00 UTC] PHP Fatal error:  Call to a member function fetch_assoc() on a non-object in /home/ubuntu/workspace/core/func.php on line 84
[01-Nov-2015 16:03:00 UTC] PHP Stack trace:
[01-Nov-2015 16:03:00 UTC] PHP   1. {main}() /home/ubuntu/workspace/template/newmsg.phtml:0
[01-Nov-2015 16:03:00 UTC] PHP   2. readMsg() /home/ubuntu/workspace/template/newmsg.phtml:12
[01-Nov-2015 16:03:05 UTC] PHP Fatal error:  Call to a member function fetch_assoc() on a non-object in /home/ubuntu/workspace/core/func.php on line 84
[01-Nov-2015 16:03:05 UTC] PHP Stack trace:
[01-Nov-2015 16:03:05 UTC] PHP   1. {main}() /home/ubuntu/workspace/template/newmsg.phtml:0
[01-Nov-2015 16:03:05 UTC] PHP   2. readMsg() /home/ubuntu/workspace/template/newmsg.phtml:12
[01-Nov-2015 16:03:10 UTC] PHP Fatal error:  Call to a member function fetch_assoc() on a non-object in /home/ubuntu/workspace/core/func.php on line 84
[01-Nov-2015 16:03:10 UTC] PHP Stack trace:
[01-Nov-2015 16:03:10 UTC] PHP   1. {main}() /home/ubuntu/workspace/template/newmsg.phtml:0
[01-Nov-2015 16:03:10 UTC] PHP   2. readMsg() /home/ubuntu/workspace/template/newmsg.phtml:12
[01-Nov-2015 16:03:15 UTC] PHP Fatal error:  Call to a member function fetch_assoc() on a non-object in /home/ubuntu/workspace/core/func.php on line 84
[01-Nov-2015 16:03:15 UTC] PHP Stack trace:
[01-Nov-2015 16:03:15 UTC] PHP   1. {main}() /home/ubuntu/workspace/template/newmsg.phtml:0
[01-Nov-2015 16:03:15 UTC] PHP   2. readMsg() /home/ubuntu/workspace/template/newmsg.phtml:12
[01-Nov-2015 16:03:20 UTC] PHP Fatal error:  Call to a member function fetch_assoc() on a non-object in /home/ubuntu/workspace/core/func.php on line 84
[01-Nov-2015 16:03:20 UTC] PHP Stack trace:
[01-Nov-2015 16:03:20 UTC] PHP   1. {main}() /home/ubuntu/workspace/template/newmsg.phtml:0
[01-Nov-2015 16:03:20 UTC] PHP   2. readMsg() /home/ubuntu/workspace/template/newmsg.phtml:12
[01-Nov-2015 16:03:25 UTC] PHP Fatal error:  Call to a member function fetch_assoc() on a non-object in /home/ubuntu/workspace/core/func.php on line 84
[01-Nov-2015 16:03:25 UTC] PHP Stack trace:
[01-Nov-2015 16:03:25 UTC] PHP   1. {main}() /home/ubuntu/workspace/template/newmsg.phtml:0
[01-Nov-2015 16:03:25 UTC] PHP   2. readMsg() /home/ubuntu/workspace/template/newmsg.phtml:12
[01-Nov-2015 16:55:12 UTC] PHP Fatal error:  Call to a member function fetch_assoc() on a non-object in /home/ubuntu/workspace/core/func.php on line 84
[01-Nov-2015 16:55:12 UTC] PHP Stack trace:
[01-Nov-2015 16:55:12 UTC] PHP   1. {main}() /home/ubuntu/workspace/template/newmsg.phtml:0
[01-Nov-2015 16:55:12 UTC] PHP   2. readMsg() /home/ubuntu/workspace/template/newmsg.phtml:13
